<?xml version="1.0" encoding="UTF-8"?>
<!-- Generated by org.testng.reporters.JUnitReportReporter -->
<testsuite skipped="0" hostname="KARTHIK" name="org.testng.concepts.InvocationTest" tests="4" failures="0" timestamp="2020-05-14T20:57:21 IST" time="0.009" errors="0">
  <testcase name="mobileSearch" time="0.001" classname="org.testng.concepts.InvocationTest"/>
  <system-out/>
  <testcase name="mobileSearch" time="0.003" classname="org.testng.concepts.InvocationTest"/>
  <system-out/>
  <testcase name="laptopSearch" time="0.003" classname="org.testng.concepts.InvocationTest"/>
  <system-out/>
  <testcase name="mobileSearch" time="0.002" classname="org.testng.concepts.InvocationTest"/>
  <system-out/>
</testsuite> <!-- org.testng.concepts.InvocationTest -->
