<?xml version="1.0" encoding="UTF-8"?>
<!-- Generated by org.testng.reporters.JUnitReportReporter -->
<testsuite skipped="0" hostname="KARTHIK" name="org.testng.concepts.DataProviderTest" tests="3" failures="0" timestamp="2020-05-14T20:57:21 IST" time="0.022" errors="0">
  <testcase name="login" time="0.003" classname="org.testng.concepts.DataProviderTest"/>
  <system-out/>
  <testcase name="login" time="0.012" classname="org.testng.concepts.DataProviderTest"/>
  <system-out/>
  <testcase name="login" time="0.007" classname="org.testng.concepts.DataProviderTest"/>
  <system-out/>
</testsuite> <!-- org.testng.concepts.DataProviderTest -->
