<?xml version="1.0" encoding="UTF-8"?>
<!-- Generated by org.testng.reporters.JUnitReportReporter -->
<testsuite skipped="0" hostname="KARTHIK" name="org.testng.concepts.Sample" tests="1" failures="0" timestamp="2020-05-14T20:57:21 IST" time="0.004" errors="0">
  <testcase name="test1" time="0.004" classname="org.testng.concepts.Sample"/>
  <system-out/>
</testsuite> <!-- org.testng.concepts.Sample -->
