<?xml version="1.0" encoding="UTF-8"?>
<!-- Generated by org.testng.reporters.JUnitReportReporter -->
<testsuite skipped="0" hostname="KARTHIK" name="org.testng.concepts.AnnotationsSTCM" tests="2" failures="0" timestamp="2020-05-14T20:57:21 IST" time="0.010" errors="0">
  <testcase name="laptopSearch" time="0.003" classname="org.testng.concepts.AnnotationsSTCM"/>
  <system-out/>
  <testcase name="mobileSearch" time="0.007" classname="org.testng.concepts.AnnotationsSTCM"/>
  <system-out/>
</testsuite> <!-- org.testng.concepts.AnnotationsSTCM -->
