<?xml version="1.0" encoding="UTF-8"?>
<!-- Generated by org.testng.reporters.JUnitReportReporter -->
<testsuite skipped="0" hostname="KARTHIK" name="org.testng.concepts.GroupTest" tests="3" failures="0" timestamp="2020-05-17T18:12:02 IST" time="0.019" errors="0">
  <testcase name="seleniumTest2" time="0.003" classname="org.testng.concepts.GroupTest"/>
  <system-out/>
  <testcase name="seleniumTest1" time="0.002" classname="org.testng.concepts.GroupTest"/>
  <system-out/>
  <testcase name="gTest" time="0.014" classname="org.testng.concepts.GroupTest"/>
  <system-out/>
</testsuite> <!-- org.testng.concepts.GroupTest -->
