<?xml version="1.0" encoding="UTF-8"?>
<!-- Generated by org.testng.reporters.JUnitReportReporter -->
<testsuite skipped="0" hostname="KARTHIK" name="org.testng.concepts.ParallelTest" tests="2" failures="0" timestamp="2020-05-17T18:03:08 IST" time="50.518" errors="0">
  <testcase name="amazonTest" time="26.137" classname="org.testng.concepts.ParallelTest"/>
  <system-out/>
  <testcase name="flipkartTest" time="24.381" classname="org.testng.concepts.ParallelTest"/>
  <system-out/>
</testsuite> <!-- org.testng.concepts.ParallelTest -->
