<?xml version="1.0" encoding="UTF-8"?>
<!-- Generated by org.testng.reporters.JUnitReportReporter -->
<testsuite skipped="0" hostname="KARTHIK" name="org.testng.concepts.Annotations" tests="2" failures="0" timestamp="2020-05-07T20:55:16 IST" time="0.020" errors="0">
  <testcase name="laptopSearch" time="0.014" classname="org.testng.concepts.Annotations"/>
  <system-out/>
  <testcase name="mobileSearch" time="0.006" classname="org.testng.concepts.Annotations"/>
  <system-out/>
</testsuite> <!-- org.testng.concepts.Annotations -->
