<?xml version="1.0" encoding="UTF-8"?>
<!-- Generated by org.testng.reporters.JUnitReportReporter -->
<testsuite skipped="2" hostname="KARTHIK" name="org.testng.concepts.IgnoreTest" tests="3" failures="0" timestamp="2020-05-17T18:12:02 IST" time="0.003" errors="0">
  <testcase name="keySearch" time="0.003" classname="org.testng.concepts.IgnoreTest"/>
  <system-out/>
  <testcase name="mobileSearch" classname="org.testng.concepts.IgnoreTest">
    <skipped/>
  </testcase> <!-- mobileSearch -->
  <system-out/>
  <testcase name="laptopSearch" classname="org.testng.concepts.IgnoreTest">
    <skipped/>
  </testcase> <!-- laptopSearch -->
  <system-out/>
</testsuite> <!-- org.testng.concepts.IgnoreTest -->
