<?xml version="1.0" encoding="UTF-8"?>
<!-- Generated by org.testng.reporters.JUnitReportReporter -->
<testsuite skipped="0" hostname="KARTHIK" name="org.testng.concepts.PriorityTest" tests="4" failures="0" timestamp="2020-05-14T20:57:21 IST" time="0.014" errors="0">
  <testcase name="alogin" time="0.004" classname="org.testng.concepts.PriorityTest"/>
  <system-out/>
  <testcase name="getDriver" time="0.003" classname="org.testng.concepts.PriorityTest"/>
  <system-out/>
  <testcase name="searchMobile" time="0.002" classname="org.testng.concepts.PriorityTest"/>
  <system-out/>
  <testcase name="Url" time="0.005" classname="org.testng.concepts.PriorityTest"/>
  <system-out/>
</testsuite> <!-- org.testng.concepts.PriorityTest -->
